<?xml version="1.0" encoding="UTF-8"?>
<!-- Generated by org.testng.reporters.JUnitXMLReporter -->
<testsuite ignored="0" hostname="Going_Merry" failures="0" tests="3" name="user-john" time="0.021" errors="0" timestamp="2024-07-10T19:30:33 IST">
  <testcase classname="com.godvindockerhub.tests.vendorportal.VendorPortalTest" name="logintest" time="0.0">
    <skipped/>
  </testcase> <!-- logintest -->
  <testcase classname="com.godvindockerhub.tests.vendorportal.VendorPortalTest" name="dashboardTest" time="0.001">
    <skipped/>
  </testcase> <!-- dashboardTest -->
  <testcase classname="com.godvindockerhub.tests.vendorportal.VendorPortalTest" name="logoutTest" time="0.0">
    <skipped/>
  </testcase> <!-- logoutTest -->
</testsuite> <!-- user-john -->
