<?xml version="1.0" encoding="UTF-8"?>
<testng-results ignored="0" total="9" passed="9" failed="0" skipped="0">
  <reporter-output>
  </reporter-output>
  <suite started-at="2024-07-10T20:00:57 GMT" name="vendor-portal" finished-at="2024-07-10T20:01:08 GMT" duration-ms="10865">
    <groups>
    </groups>
    <test started-at="2024-07-10T20:00:57 GMT" name="user-john" finished-at="2024-07-10T20:01:06 GMT" duration-ms="9180">
      <class name="com.godvindockerhub.tests.vendorportal.VendorPortalTest">
        <test-method is-config="true" signature="setupConfig()[pri:0, instance:com.godvindockerhub.tests.vendorportal.VendorPortalTest@7e5afaa6]" started-at="2024-07-10T20:00:57 GMT" name="setupConfig" finished-at="2024-07-10T20:00:57 GMT" duration-ms="19" status="PASS">
          <reporter-output>
          </reporter-output>
        </test-method> <!-- setupConfig -->
        <test-method is-config="true" signature="setDriver(org.testng.ITestContext)[pri:0, instance:com.godvindockerhub.tests.vendorportal.VendorPortalTest@7e5afaa6]" started-at="2024-07-10T20:00:57 GMT" name="setDriver" finished-at="2024-07-10T20:00:59 GMT" duration-ms="1623" status="PASS">
          <params>
            <param index="0">
              <value>
                <![CDATA[org.testng.TestRunner@2a7f1f10]]>
              </value>
            </param>
          </params>
          <reporter-output>
          </reporter-output>
        </test-method> <!-- setDriver -->
        <test-method is-config="true" signature="setpageObjects(java.lang.String)[pri:0, instance:com.godvindockerhub.tests.vendorportal.VendorPortalTest@7e5afaa6]" started-at="2024-07-10T20:00:59 GMT" name="setpageObjects" finished-at="2024-07-10T20:00:59 GMT" depends-on-methods="com.godvindockerhub.tests.BaseTest.setDriver" duration-ms="343" status="PASS">
          <params>
            <param index="0">
              <value>
                <![CDATA[test-data/vendor-portal/john.json]]>
              </value>
            </param>
          </params>
          <reporter-output>
          </reporter-output>
        </test-method> <!-- setpageObjects -->
        <test-method signature="logintest()[pri:0, instance:com.godvindockerhub.tests.vendorportal.VendorPortalTest@7e5afaa6]" started-at="2024-07-10T20:00:59 GMT" name="logintest" finished-at="2024-07-10T20:01:02 GMT" duration-ms="2806" status="PASS">
          <reporter-output>
          </reporter-output>
        </test-method> <!-- logintest -->
        <test-method signature="dashboardTest()[pri:0, instance:com.godvindockerhub.tests.vendorportal.VendorPortalTest@7e5afaa6]" started-at="2024-07-10T20:01:02 GMT" name="dashboardTest" finished-at="2024-07-10T20:01:05 GMT" depends-on-methods="com.godvindockerhub.tests.vendorportal.VendorPortalTest.logintest" duration-ms="2928" status="PASS">
          <reporter-output>
          </reporter-output>
        </test-method> <!-- dashboardTest -->
        <test-method signature="logoutTest()[pri:0, instance:com.godvindockerhub.tests.vendorportal.VendorPortalTest@7e5afaa6]" started-at="2024-07-10T20:01:05 GMT" name="logoutTest" finished-at="2024-07-10T20:01:06 GMT" depends-on-methods="com.godvindockerhub.tests.vendorportal.VendorPortalTest.dashboardTest" duration-ms="1315" status="PASS">
          <reporter-output>
          </reporter-output>
        </test-method> <!-- logoutTest -->
        <test-method is-config="true" signature="closeDriver()[pri:0, instance:com.godvindockerhub.tests.vendorportal.VendorPortalTest@7e5afaa6]" started-at="2024-07-10T20:01:06 GMT" name="closeDriver" finished-at="2024-07-10T20:01:06 GMT" duration-ms="121" status="PASS">
          <reporter-output>
          </reporter-output>
        </test-method> <!-- closeDriver -->
      </class> <!-- com.godvindockerhub.tests.vendorportal.VendorPortalTest -->
    </test> <!-- user-john -->
    <test started-at="2024-07-10T20:00:57 GMT" name="user-mike" finished-at="2024-07-10T20:01:07 GMT" duration-ms="9777">
      <class name="com.godvindockerhub.tests.vendorportal.VendorPortalTest">
        <test-method is-config="true" signature="setDriver(org.testng.ITestContext)[pri:0, instance:com.godvindockerhub.tests.vendorportal.VendorPortalTest@5403f35f]" started-at="2024-07-10T20:00:57 GMT" name="setDriver" finished-at="2024-07-10T20:00:59 GMT" duration-ms="1624" status="PASS">
          <params>
            <param index="0">
              <value>
                <![CDATA[org.testng.TestRunner@298a5e20]]>
              </value>
            </param>
          </params>
          <reporter-output>
          </reporter-output>
        </test-method> <!-- setDriver -->
        <test-method is-config="true" signature="setpageObjects(java.lang.String)[pri:0, instance:com.godvindockerhub.tests.vendorportal.VendorPortalTest@5403f35f]" started-at="2024-07-10T20:00:59 GMT" name="setpageObjects" finished-at="2024-07-10T20:00:59 GMT" depends-on-methods="com.godvindockerhub.tests.BaseTest.setDriver" duration-ms="342" status="PASS">
          <params>
            <param index="0">
              <value>
                <![CDATA[test-data/vendor-portal/mike.json]]>
              </value>
            </param>
          </params>
          <reporter-output>
          </reporter-output>
        </test-method> <!-- setpageObjects -->
        <test-method signature="logintest()[pri:0, instance:com.godvindockerhub.tests.vendorportal.VendorPortalTest@5403f35f]" started-at="2024-07-10T20:00:59 GMT" name="logintest" finished-at="2024-07-10T20:01:03 GMT" duration-ms="3256" status="PASS">
          <reporter-output>
          </reporter-output>
        </test-method> <!-- logintest -->
        <test-method signature="dashboardTest()[pri:0, instance:com.godvindockerhub.tests.vendorportal.VendorPortalTest@5403f35f]" started-at="2024-07-10T20:01:03 GMT" name="dashboardTest" finished-at="2024-07-10T20:01:05 GMT" depends-on-methods="com.godvindockerhub.tests.vendorportal.VendorPortalTest.logintest" duration-ms="2605" status="PASS">
          <reporter-output>
          </reporter-output>
        </test-method> <!-- dashboardTest -->
        <test-method signature="logoutTest()[pri:0, instance:com.godvindockerhub.tests.vendorportal.VendorPortalTest@5403f35f]" started-at="2024-07-10T20:01:05 GMT" name="logoutTest" finished-at="2024-07-10T20:01:07 GMT" depends-on-methods="com.godvindockerhub.tests.vendorportal.VendorPortalTest.dashboardTest" duration-ms="1821" status="PASS">
          <reporter-output>
          </reporter-output>
        </test-method> <!-- logoutTest -->
        <test-method is-config="true" signature="closeDriver()[pri:0, instance:com.godvindockerhub.tests.vendorportal.VendorPortalTest@5403f35f]" started-at="2024-07-10T20:01:07 GMT" name="closeDriver" finished-at="2024-07-10T20:01:07 GMT" duration-ms="96" status="PASS">
          <reporter-output>
          </reporter-output>
        </test-method> <!-- closeDriver -->
      </class> <!-- com.godvindockerhub.tests.vendorportal.VendorPortalTest -->
    </test> <!-- user-mike -->
    <test started-at="2024-07-10T20:00:57 GMT" name="user-sam" finished-at="2024-07-10T20:01:08 GMT" duration-ms="10865">
      <class name="com.godvindockerhub.tests.vendorportal.VendorPortalTest">
        <test-method is-config="true" signature="setDriver(org.testng.ITestContext)[pri:0, instance:com.godvindockerhub.tests.vendorportal.VendorPortalTest@120f102b]" started-at="2024-07-10T20:00:57 GMT" name="setDriver" finished-at="2024-07-10T20:00:59 GMT" duration-ms="1624" status="PASS">
          <params>
            <param index="0">
              <value>
                <![CDATA[org.testng.TestRunner@2ddc9a9f]]>
              </value>
            </param>
          </params>
          <reporter-output>
          </reporter-output>
        </test-method> <!-- setDriver -->
        <test-method is-config="true" signature="setpageObjects(java.lang.String)[pri:0, instance:com.godvindockerhub.tests.vendorportal.VendorPortalTest@120f102b]" started-at="2024-07-10T20:00:59 GMT" name="setpageObjects" finished-at="2024-07-10T20:00:59 GMT" depends-on-methods="com.godvindockerhub.tests.BaseTest.setDriver" duration-ms="343" status="PASS">
          <params>
            <param index="0">
              <value>
                <![CDATA[test-data/vendor-portal/sam.json]]>
              </value>
            </param>
          </params>
          <reporter-output>
          </reporter-output>
        </test-method> <!-- setpageObjects -->
        <test-method signature="logintest()[pri:0, instance:com.godvindockerhub.tests.vendorportal.VendorPortalTest@120f102b]" started-at="2024-07-10T20:00:59 GMT" name="logintest" finished-at="2024-07-10T20:01:02 GMT" duration-ms="2806" status="PASS">
          <reporter-output>
          </reporter-output>
        </test-method> <!-- logintest -->
        <test-method signature="dashboardTest()[pri:0, instance:com.godvindockerhub.tests.vendorportal.VendorPortalTest@120f102b]" started-at="2024-07-10T20:01:02 GMT" name="dashboardTest" finished-at="2024-07-10T20:01:07 GMT" depends-on-methods="com.godvindockerhub.tests.vendorportal.VendorPortalTest.logintest" duration-ms="4608" status="PASS">
          <reporter-output>
          </reporter-output>
        </test-method> <!-- dashboardTest -->
        <test-method signature="logoutTest()[pri:0, instance:com.godvindockerhub.tests.vendorportal.VendorPortalTest@120f102b]" started-at="2024-07-10T20:01:07 GMT" name="logoutTest" finished-at="2024-07-10T20:01:08 GMT" depends-on-methods="com.godvindockerhub.tests.vendorportal.VendorPortalTest.dashboardTest" duration-ms="1293" status="PASS">
          <reporter-output>
          </reporter-output>
        </test-method> <!-- logoutTest -->
        <test-method is-config="true" signature="closeDriver()[pri:0, instance:com.godvindockerhub.tests.vendorportal.VendorPortalTest@120f102b]" started-at="2024-07-10T20:01:08 GMT" name="closeDriver" finished-at="2024-07-10T20:01:08 GMT" duration-ms="147" status="PASS">
          <reporter-output>
          </reporter-output>
        </test-method> <!-- closeDriver -->
      </class> <!-- com.godvindockerhub.tests.vendorportal.VendorPortalTest -->
    </test> <!-- user-sam -->
  </suite> <!-- vendor-portal -->
</testng-results>
