<?xml version="1.0" encoding="UTF-8"?>
<testng-results ignored="0" total="20" passed="20" failed="0" skipped="0">
  <reporter-output>
  </reporter-output>
  <suite started-at="2024-07-11T00:48:07 IST" name="flight-reservation" finished-at="2024-07-11T00:48:21 IST" duration-ms="14298">
    <groups>
    </groups>
    <test started-at="2024-07-11T00:48:07 IST" name="passengers-count-1" finished-at="2024-07-11T00:48:18 IST" duration-ms="11348">
      <class name="com.godvindockerhub.tests.flightreservations.FlightReservationTest">
        <test-method is-config="true" signature="setDriver(org.testng.ITestContext)[pri:0, instance:com.godvindockerhub.tests.flightreservations.FlightReservationTest@22356acd]" started-at="2024-07-11T00:48:07 IST" name="setDriver" finished-at="2024-07-11T00:48:10 IST" duration-ms="3141" status="PASS">
          <params>
            <param index="0">
              <value>
                <![CDATA[org.testng.TestRunner@613a8ee1]]>
              </value>
            </param>
          </params>
          <reporter-output>
          </reporter-output>
        </test-method> <!-- setDriver -->
        <test-method is-config="true" signature="setParameters(java.lang.String)[pri:0, instance:com.godvindockerhub.tests.flightreservations.FlightReservationTest@22356acd]" started-at="2024-07-11T00:48:10 IST" name="setParameters" finished-at="2024-07-11T00:48:10 IST" depends-on-methods="com.godvindockerhub.tests.BaseTest.setDriver" duration-ms="408" status="PASS">
          <params>
            <param index="0">
              <value>
                <![CDATA[test-data\flight-reservations\passenger-1.json]]>
              </value>
            </param>
          </params>
          <reporter-output>
          </reporter-output>
        </test-method> <!-- setParameters -->
        <test-method signature="userRegisterationTest()[pri:0, instance:com.godvindockerhub.tests.flightreservations.FlightReservationTest@22356acd]" started-at="2024-07-11T00:48:10 IST" name="userRegisterationTest" finished-at="2024-07-11T00:48:12 IST" duration-ms="1844" status="PASS">
          <reporter-output>
          </reporter-output>
        </test-method> <!-- userRegisterationTest -->
        <test-method signature="registrationConfirmationTest()[pri:0, instance:com.godvindockerhub.tests.flightreservations.FlightReservationTest@22356acd]" started-at="2024-07-11T00:48:12 IST" name="registrationConfirmationTest" finished-at="2024-07-11T00:48:13 IST" depends-on-methods="com.godvindockerhub.tests.flightreservations.FlightReservationTest.userRegisterationTest" duration-ms="738" status="PASS">
          <reporter-output>
          </reporter-output>
        </test-method> <!-- registrationConfirmationTest -->
        <test-method signature="flightsSearchTest()[pri:0, instance:com.godvindockerhub.tests.flightreservations.FlightReservationTest@22356acd]" started-at="2024-07-11T00:48:13 IST" name="flightsSearchTest" finished-at="2024-07-11T00:48:15 IST" depends-on-methods="com.godvindockerhub.tests.flightreservations.FlightReservationTest.registrationConfirmationTest" duration-ms="2032" status="PASS">
          <reporter-output>
          </reporter-output>
        </test-method> <!-- flightsSearchTest -->
        <test-method signature="flightSelectionMethod()[pri:0, instance:com.godvindockerhub.tests.flightreservations.FlightReservationTest@22356acd]" started-at="2024-07-11T00:48:15 IST" name="flightSelectionMethod" finished-at="2024-07-11T00:48:16 IST" depends-on-methods="com.godvindockerhub.tests.flightreservations.FlightReservationTest.flightsSearchTest" duration-ms="1455" status="PASS">
          <reporter-output>
          </reporter-output>
        </test-method> <!-- flightSelectionMethod -->
        <test-method signature="flightConfirmationTest()[pri:0, instance:com.godvindockerhub.tests.flightreservations.FlightReservationTest@22356acd]" started-at="2024-07-11T00:48:16 IST" name="flightConfirmationTest" finished-at="2024-07-11T00:48:18 IST" depends-on-methods="com.godvindockerhub.tests.flightreservations.FlightReservationTest.flightSelectionMethod" duration-ms="1355" status="PASS">
          <reporter-output>
          </reporter-output>
        </test-method> <!-- flightConfirmationTest -->
        <test-method is-config="true" signature="closeDriver()[pri:0, instance:com.godvindockerhub.tests.flightreservations.FlightReservationTest@22356acd]" started-at="2024-07-11T00:48:18 IST" name="closeDriver" finished-at="2024-07-11T00:48:18 IST" duration-ms="305" status="PASS">
          <reporter-output>
          </reporter-output>
        </test-method> <!-- closeDriver -->
      </class> <!-- com.godvindockerhub.tests.flightreservations.FlightReservationTest -->
    </test> <!-- passengers-count-1 -->
    <test started-at="2024-07-11T00:48:07 IST" name="passengers-count-2" finished-at="2024-07-11T00:48:19 IST" duration-ms="11978">
      <class name="com.godvindockerhub.tests.flightreservations.FlightReservationTest">
        <test-method is-config="true" signature="setDriver(org.testng.ITestContext)[pri:0, instance:com.godvindockerhub.tests.flightreservations.FlightReservationTest@525575]" started-at="2024-07-11T00:48:07 IST" name="setDriver" finished-at="2024-07-11T00:48:10 IST" duration-ms="3135" status="PASS">
          <params>
            <param index="0">
              <value>
                <![CDATA[org.testng.TestRunner@7103cb56]]>
              </value>
            </param>
          </params>
          <reporter-output>
          </reporter-output>
        </test-method> <!-- setDriver -->
        <test-method is-config="true" signature="setParameters(java.lang.String)[pri:0, instance:com.godvindockerhub.tests.flightreservations.FlightReservationTest@525575]" started-at="2024-07-11T00:48:10 IST" name="setParameters" finished-at="2024-07-11T00:48:10 IST" depends-on-methods="com.godvindockerhub.tests.BaseTest.setDriver" duration-ms="409" status="PASS">
          <params>
            <param index="0">
              <value>
                <![CDATA[test-data\flight-reservations\passenger-2.json]]>
              </value>
            </param>
          </params>
          <reporter-output>
          </reporter-output>
        </test-method> <!-- setParameters -->
        <test-method signature="userRegisterationTest()[pri:0, instance:com.godvindockerhub.tests.flightreservations.FlightReservationTest@525575]" started-at="2024-07-11T00:48:10 IST" name="userRegisterationTest" finished-at="2024-07-11T00:48:12 IST" duration-ms="1894" status="PASS">
          <reporter-output>
          </reporter-output>
        </test-method> <!-- userRegisterationTest -->
        <test-method signature="registrationConfirmationTest()[pri:0, instance:com.godvindockerhub.tests.flightreservations.FlightReservationTest@525575]" started-at="2024-07-11T00:48:12 IST" name="registrationConfirmationTest" finished-at="2024-07-11T00:48:14 IST" depends-on-methods="com.godvindockerhub.tests.flightreservations.FlightReservationTest.userRegisterationTest" duration-ms="1337" status="PASS">
          <reporter-output>
          </reporter-output>
        </test-method> <!-- registrationConfirmationTest -->
        <test-method signature="flightsSearchTest()[pri:0, instance:com.godvindockerhub.tests.flightreservations.FlightReservationTest@525575]" started-at="2024-07-11T00:48:14 IST" name="flightsSearchTest" finished-at="2024-07-11T00:48:16 IST" depends-on-methods="com.godvindockerhub.tests.flightreservations.FlightReservationTest.registrationConfirmationTest" duration-ms="2154" status="PASS">
          <reporter-output>
          </reporter-output>
        </test-method> <!-- flightsSearchTest -->
        <test-method signature="flightSelectionMethod()[pri:0, instance:com.godvindockerhub.tests.flightreservations.FlightReservationTest@525575]" started-at="2024-07-11T00:48:16 IST" name="flightSelectionMethod" finished-at="2024-07-11T00:48:17 IST" depends-on-methods="com.godvindockerhub.tests.flightreservations.FlightReservationTest.flightsSearchTest" duration-ms="1445" status="PASS">
          <reporter-output>
          </reporter-output>
        </test-method> <!-- flightSelectionMethod -->
        <test-method signature="flightConfirmationTest()[pri:0, instance:com.godvindockerhub.tests.flightreservations.FlightReservationTest@525575]" started-at="2024-07-11T00:48:17 IST" name="flightConfirmationTest" finished-at="2024-07-11T00:48:18 IST" depends-on-methods="com.godvindockerhub.tests.flightreservations.FlightReservationTest.flightSelectionMethod" duration-ms="1276" status="PASS">
          <reporter-output>
          </reporter-output>
        </test-method> <!-- flightConfirmationTest -->
        <test-method is-config="true" signature="closeDriver()[pri:0, instance:com.godvindockerhub.tests.flightreservations.FlightReservationTest@525575]" started-at="2024-07-11T00:48:18 IST" name="closeDriver" finished-at="2024-07-11T00:48:19 IST" duration-ms="268" status="PASS">
          <reporter-output>
          </reporter-output>
        </test-method> <!-- closeDriver -->
      </class> <!-- com.godvindockerhub.tests.flightreservations.FlightReservationTest -->
    </test> <!-- passengers-count-2 -->
    <test started-at="2024-07-11T00:48:07 IST" name="passengers-count-4" finished-at="2024-07-11T00:48:20 IST" duration-ms="12775">
      <class name="com.godvindockerhub.tests.flightreservations.FlightReservationTest">
        <test-method is-config="true" signature="setupConfig()[pri:0, instance:com.godvindockerhub.tests.flightreservations.FlightReservationTest@db57326]" started-at="2024-07-11T00:48:07 IST" name="setupConfig" finished-at="2024-07-11T00:48:07 IST" duration-ms="17" status="PASS">
          <reporter-output>
          </reporter-output>
        </test-method> <!-- setupConfig -->
        <test-method is-config="true" signature="setDriver(org.testng.ITestContext)[pri:0, instance:com.godvindockerhub.tests.flightreservations.FlightReservationTest@db57326]" started-at="2024-07-11T00:48:07 IST" name="setDriver" finished-at="2024-07-11T00:48:10 IST" duration-ms="3134" status="PASS">
          <params>
            <param index="0">
              <value>
                <![CDATA[org.testng.TestRunner@1b765a2c]]>
              </value>
            </param>
          </params>
          <reporter-output>
          </reporter-output>
        </test-method> <!-- setDriver -->
        <test-method is-config="true" signature="setParameters(java.lang.String)[pri:0, instance:com.godvindockerhub.tests.flightreservations.FlightReservationTest@db57326]" started-at="2024-07-11T00:48:10 IST" name="setParameters" finished-at="2024-07-11T00:48:10 IST" depends-on-methods="com.godvindockerhub.tests.BaseTest.setDriver" duration-ms="409" status="PASS">
          <params>
            <param index="0">
              <value>
                <![CDATA[test-data\flight-reservations\passenger-4.json]]>
              </value>
            </param>
          </params>
          <reporter-output>
          </reporter-output>
        </test-method> <!-- setParameters -->
        <test-method signature="userRegisterationTest()[pri:0, instance:com.godvindockerhub.tests.flightreservations.FlightReservationTest@db57326]" started-at="2024-07-11T00:48:10 IST" name="userRegisterationTest" finished-at="2024-07-11T00:48:12 IST" duration-ms="1816" status="PASS">
          <reporter-output>
          </reporter-output>
        </test-method> <!-- userRegisterationTest -->
        <test-method signature="registrationConfirmationTest()[pri:0, instance:com.godvindockerhub.tests.flightreservations.FlightReservationTest@db57326]" started-at="2024-07-11T00:48:12 IST" name="registrationConfirmationTest" finished-at="2024-07-11T00:48:15 IST" depends-on-methods="com.godvindockerhub.tests.flightreservations.FlightReservationTest.userRegisterationTest" duration-ms="2478" status="PASS">
          <reporter-output>
          </reporter-output>
        </test-method> <!-- registrationConfirmationTest -->
        <test-method signature="flightsSearchTest()[pri:0, instance:com.godvindockerhub.tests.flightreservations.FlightReservationTest@db57326]" started-at="2024-07-11T00:48:15 IST" name="flightsSearchTest" finished-at="2024-07-11T00:48:16 IST" depends-on-methods="com.godvindockerhub.tests.flightreservations.FlightReservationTest.registrationConfirmationTest" duration-ms="1600" status="PASS">
          <reporter-output>
          </reporter-output>
        </test-method> <!-- flightsSearchTest -->
        <test-method signature="flightSelectionMethod()[pri:0, instance:com.godvindockerhub.tests.flightreservations.FlightReservationTest@db57326]" started-at="2024-07-11T00:48:16 IST" name="flightSelectionMethod" finished-at="2024-07-11T00:48:17 IST" depends-on-methods="com.godvindockerhub.tests.flightreservations.FlightReservationTest.flightsSearchTest" duration-ms="887" status="PASS">
          <reporter-output>
          </reporter-output>
        </test-method> <!-- flightSelectionMethod -->
        <test-method signature="flightConfirmationTest()[pri:0, instance:com.godvindockerhub.tests.flightreservations.FlightReservationTest@db57326]" started-at="2024-07-11T00:48:17 IST" name="flightConfirmationTest" finished-at="2024-07-11T00:48:19 IST" depends-on-methods="com.godvindockerhub.tests.flightreservations.FlightReservationTest.flightSelectionMethod" duration-ms="1800" status="PASS">
          <reporter-output>
          </reporter-output>
        </test-method> <!-- flightConfirmationTest -->
        <test-method is-config="true" signature="closeDriver()[pri:0, instance:com.godvindockerhub.tests.flightreservations.FlightReservationTest@db57326]" started-at="2024-07-11T00:48:19 IST" name="closeDriver" finished-at="2024-07-11T00:48:20 IST" duration-ms="579" status="PASS">
          <reporter-output>
          </reporter-output>
        </test-method> <!-- closeDriver -->
      </class> <!-- com.godvindockerhub.tests.flightreservations.FlightReservationTest -->
    </test> <!-- passengers-count-4 -->
    <test started-at="2024-07-11T00:48:07 IST" name="passengers-count-3" finished-at="2024-07-11T00:48:21 IST" duration-ms="14298">
      <class name="com.godvindockerhub.tests.flightreservations.FlightReservationTest">
        <test-method is-config="true" signature="setDriver(org.testng.ITestContext)[pri:0, instance:com.godvindockerhub.tests.flightreservations.FlightReservationTest@5a709816]" started-at="2024-07-11T00:48:07 IST" name="setDriver" finished-at="2024-07-11T00:48:10 IST" duration-ms="3136" status="PASS">
          <params>
            <param index="0">
              <value>
                <![CDATA[org.testng.TestRunner@178213b]]>
              </value>
            </param>
          </params>
          <reporter-output>
          </reporter-output>
        </test-method> <!-- setDriver -->
        <test-method is-config="true" signature="setParameters(java.lang.String)[pri:0, instance:com.godvindockerhub.tests.flightreservations.FlightReservationTest@5a709816]" started-at="2024-07-11T00:48:10 IST" name="setParameters" finished-at="2024-07-11T00:48:10 IST" depends-on-methods="com.godvindockerhub.tests.BaseTest.setDriver" duration-ms="409" status="PASS">
          <params>
            <param index="0">
              <value>
                <![CDATA[test-data\flight-reservations\passenger-3.json]]>
              </value>
            </param>
          </params>
          <reporter-output>
          </reporter-output>
        </test-method> <!-- setParameters -->
        <test-method signature="userRegisterationTest()[pri:0, instance:com.godvindockerhub.tests.flightreservations.FlightReservationTest@5a709816]" started-at="2024-07-11T00:48:10 IST" name="userRegisterationTest" finished-at="2024-07-11T00:48:12 IST" duration-ms="1987" status="PASS">
          <reporter-output>
          </reporter-output>
        </test-method> <!-- userRegisterationTest -->
        <test-method signature="registrationConfirmationTest()[pri:0, instance:com.godvindockerhub.tests.flightreservations.FlightReservationTest@5a709816]" started-at="2024-07-11T00:48:12 IST" name="registrationConfirmationTest" finished-at="2024-07-11T00:48:15 IST" depends-on-methods="com.godvindockerhub.tests.flightreservations.FlightReservationTest.userRegisterationTest" duration-ms="2509" status="PASS">
          <reporter-output>
          </reporter-output>
        </test-method> <!-- registrationConfirmationTest -->
        <test-method signature="flightsSearchTest()[pri:0, instance:com.godvindockerhub.tests.flightreservations.FlightReservationTest@5a709816]" started-at="2024-07-11T00:48:15 IST" name="flightsSearchTest" finished-at="2024-07-11T00:48:17 IST" depends-on-methods="com.godvindockerhub.tests.flightreservations.FlightReservationTest.registrationConfirmationTest" duration-ms="2080" status="PASS">
          <reporter-output>
          </reporter-output>
        </test-method> <!-- flightsSearchTest -->
        <test-method signature="flightSelectionMethod()[pri:0, instance:com.godvindockerhub.tests.flightreservations.FlightReservationTest@5a709816]" started-at="2024-07-11T00:48:17 IST" name="flightSelectionMethod" finished-at="2024-07-11T00:48:18 IST" depends-on-methods="com.godvindockerhub.tests.flightreservations.FlightReservationTest.flightsSearchTest" duration-ms="1433" status="PASS">
          <reporter-output>
          </reporter-output>
        </test-method> <!-- flightSelectionMethod -->
        <test-method signature="flightConfirmationTest()[pri:0, instance:com.godvindockerhub.tests.flightreservations.FlightReservationTest@5a709816]" started-at="2024-07-11T00:48:18 IST" name="flightConfirmationTest" finished-at="2024-07-11T00:48:21 IST" depends-on-methods="com.godvindockerhub.tests.flightreservations.FlightReservationTest.flightSelectionMethod" duration-ms="2335" status="PASS">
          <reporter-output>
          </reporter-output>
        </test-method> <!-- flightConfirmationTest -->
        <test-method is-config="true" signature="closeDriver()[pri:0, instance:com.godvindockerhub.tests.flightreservations.FlightReservationTest@5a709816]" started-at="2024-07-11T00:48:21 IST" name="closeDriver" finished-at="2024-07-11T00:48:21 IST" duration-ms="341" status="PASS">
          <reporter-output>
          </reporter-output>
        </test-method> <!-- closeDriver -->
      </class> <!-- com.godvindockerhub.tests.flightreservations.FlightReservationTest -->
    </test> <!-- passengers-count-3 -->
  </suite> <!-- flight-reservation -->
</testng-results>
