<?xml version="1.0" encoding="UTF-8"?>
<!-- Generated by org.testng.reporters.JUnitXMLReporter -->
<testsuite ignored="0" hostname="Going_Merry" failures="0" tests="5" name="passengers-count-1" time="11.348" errors="0" timestamp="2024-07-11T00:48:18 IST">
  <testcase classname="com.godvindockerhub.tests.flightreservations.FlightReservationTest" name="userRegisterationTest" time="1.844"/>
  <testcase classname="com.godvindockerhub.tests.flightreservations.FlightReservationTest" name="registrationConfirmationTest" time="0.738"/>
  <testcase classname="com.godvindockerhub.tests.flightreservations.FlightReservationTest" name="flightsSearchTest" time="2.032"/>
  <testcase classname="com.godvindockerhub.tests.flightreservations.FlightReservationTest" name="flightSelectionMethod" time="1.455"/>
  <testcase classname="com.godvindockerhub.tests.flightreservations.FlightReservationTest" name="flightConfirmationTest" time="1.355"/>
</testsuite> <!-- passengers-count-1 -->
