<?xml version="1.0" encoding="UTF-8"?>
<!-- Generated by org.testng.reporters.JUnitXMLReporter -->
<testsuite ignored="0" hostname="Going_Merry" failures="0" tests="5" name="passengers-count-2" time="11.978" errors="0" timestamp="2024-07-11T00:48:19 IST">
  <testcase classname="com.godvindockerhub.tests.flightreservations.FlightReservationTest" name="userRegisterationTest" time="1.894"/>
  <testcase classname="com.godvindockerhub.tests.flightreservations.FlightReservationTest" name="registrationConfirmationTest" time="1.337"/>
  <testcase classname="com.godvindockerhub.tests.flightreservations.FlightReservationTest" name="flightsSearchTest" time="2.154"/>
  <testcase classname="com.godvindockerhub.tests.flightreservations.FlightReservationTest" name="flightSelectionMethod" time="1.445"/>
  <testcase classname="com.godvindockerhub.tests.flightreservations.FlightReservationTest" name="flightConfirmationTest" time="1.276"/>
</testsuite> <!-- passengers-count-2 -->
