<?xml version="1.0" encoding="UTF-8"?>
<!-- Generated by org.testng.reporters.JUnitXMLReporter -->
<testsuite ignored="0" hostname="Going_Merry" failures="0" tests="5" name="passengers-count-3" time="14.298" errors="0" timestamp="2024-07-11T00:48:21 IST">
  <testcase classname="com.godvindockerhub.tests.flightreservations.FlightReservationTest" name="userRegisterationTest" time="1.987"/>
  <testcase classname="com.godvindockerhub.tests.flightreservations.FlightReservationTest" name="registrationConfirmationTest" time="2.509"/>
  <testcase classname="com.godvindockerhub.tests.flightreservations.FlightReservationTest" name="flightsSearchTest" time="2.08"/>
  <testcase classname="com.godvindockerhub.tests.flightreservations.FlightReservationTest" name="flightSelectionMethod" time="1.433"/>
  <testcase classname="com.godvindockerhub.tests.flightreservations.FlightReservationTest" name="flightConfirmationTest" time="2.335"/>
</testsuite> <!-- passengers-count-3 -->
